{
"contracts\\IOGNFT.sol":{"l":{},"path":"C:\\Users\\short\\StarforgeToken\\contracts\\IOGNFT.sol","s":{},"b":{},"f":{},"fnMap":{},"statementMap":{},"branchMap":{}},
"contracts\\IStarForge.sol":{"l":{},"path":"C:\\Users\\short\\StarforgeToken\\contracts\\IStarForge.sol","s":{},"b":{},"f":{},"fnMap":{},"statementMap":{},"branchMap":{}},
"contracts\\OGNFT.sol":{"l":{"18":76,"19":76,"20":76,"24":45,"26":42,"27":42,"30":42,"32":42,"42":42,"43":42,"45":42,"47":0,"49":0,"50":0,"53":0,"58":0,"59":0,"60":0,"62":0,"75":0,"84":12,"85":11,"89":42,"90":8,"91":3,"92":1,"101":9},"path":"C:\\Users\\short\\StarforgeToken\\contracts\\OGNFT.sol","s":{"1":76,"2":76,"3":45,"4":42,"5":42,"6":42,"7":42,"8":42,"9":0,"10":0,"11":0,"12":0,"13":0,"14":0,"15":6,"16":7,"17":9,"18":0,"19":12,"20":11,"21":42,"22":34,"23":8,"24":5,"25":3,"26":2,"27":1,"28":9},"b":{"1":[45,5],"2":[42,3],"3":[42,0],"4":[0,0],"5":[0,0],"6":[0,0],"7":[0,0],"8":[11,1],"9":[34,8],"10":[5,3],"11":[2,1],"12":[0,7]},"f":{"1":76,"2":45,"3":42,"4":0,"5":6,"6":7,"7":9,"8":0,"9":12,"10":42,"11":9},"fnMap":{"1":{"name":"constructor","line":17,"loc":{"start":{"line":17,"column":4},"end":{"line":21,"column":4}}},"2":{"name":"mint","line":23,"loc":{"start":{"line":23,"column":4},"end":{"line":33,"column":4}}},"3":{"name":"_update","line":37,"loc":{"start":{"line":37,"column":4},"end":{"line":54,"column":4}}},"4":{"name":"adminRevoke","line":57,"loc":{"start":{"line":57,"column":4},"end":{"line":63,"column":4}}},"5":{"name":"approve","line":66,"loc":{"start":{"line":66,"column":4},"end":{"line":66,"column":100}}},"6":{"name":"setApprovalForAll","line":67,"loc":{"start":{"line":67,"column":4},"end":{"line":67,"column":107}}},"7":{"name":"transferFrom","line":68,"loc":{"start":{"line":68,"column":4},"end":{"line":68,"column":114}}},"8":{"name":"totalSupply","line":74,"loc":{"start":{"line":74,"column":4},"end":{"line":76,"column":4}}},"9":{"name":"tokenURI","line":78,"loc":{"start":{"line":78,"column":4},"end":{"line":86,"column":4}}},"10":{"name":"_rankToURI","line":88,"loc":{"start":{"line":88,"column":4},"end":{"line":93,"column":4}}},"11":{"name":"supportsInterface","line":95,"loc":{"start":{"line":95,"column":4},"end":{"line":102,"column":4}}}},"statementMap":{"1":{"start":{"line":18,"column":8},"end":{"line":18,"column":49}},"2":{"start":{"line":19,"column":8},"end":{"line":19,"column":42}},"3":{"start":{"line":24,"column":8},"end":{"line":24,"column":54}},"4":{"start":{"line":26,"column":8},"end":{"line":26,"column":42}},"5":{"start":{"line":32,"column":8},"end":{"line":32,"column":29}},"6":{"start":{"line":42,"column":8},"end":{"line":42,"column":40}},"7":{"start":{"line":43,"column":8},"end":{"line":43,"column":1463}},"8":{"start":{"line":45,"column":12},"end":{"line":45,"column":51}},"9":{"start":{"line":47,"column":8},"end":{"line":47,"column":1584}},"10":{"start":{"line":49,"column":12},"end":{"line":49,"column":81}},"11":{"start":{"line":50,"column":12},"end":{"line":50,"column":51}},"12":{"start":{"line":53,"column":8},"end":{"line":53,"column":44}},"13":{"start":{"line":58,"column":8},"end":{"line":58,"column":27}},"14":{"start":{"line":59,"column":8},"end":{"line":59,"column":2027}},"15":{"start":{"line":66,"column":79},"end":{"line":66,"column":97}},"16":{"start":{"line":67,"column":86},"end":{"line":67,"column":104}},"17":{"start":{"line":68,"column":93},"end":{"line":68,"column":111}},"18":{"start":{"line":75,"column":8},"end":{"line":75,"column":27}},"19":{"start":{"line":84,"column":8},"end":{"line":84,"column":68}},"20":{"start":{"line":85,"column":8},"end":{"line":85,"column":34}},"21":{"start":{"line":89,"column":8},"end":{"line":89,"column":52}},"22":{"start":{"line":89,"column":23},"end":{"line":89,"column":52}},"23":{"start":{"line":90,"column":8},"end":{"line":90,"column":53}},"24":{"start":{"line":90,"column":23},"end":{"line":90,"column":53}},"25":{"start":{"line":91,"column":8},"end":{"line":91,"column":49}},"26":{"start":{"line":91,"column":23},"end":{"line":91,"column":49}},"27":{"start":{"line":92,"column":8},"end":{"line":92,"column":36}},"28":{"start":{"line":101,"column":8},"end":{"line":101,"column":94}}},"branchMap":{"1":{"line":23,"type":"if","locations":[{"start":{"line":23,"column":53},"end":{"line":23,"column":53}},{"start":{"line":23,"column":53},"end":{"line":23,"column":53}}]},"2":{"line":24,"type":"if","locations":[{"start":{"line":24,"column":8},"end":{"line":24,"column":8}},{"start":{"line":24,"column":8},"end":{"line":24,"column":8}}]},"3":{"line":43,"type":"if","locations":[{"start":{"line":43,"column":8},"end":{"line":43,"column":8}},{"start":{"line":43,"column":8},"end":{"line":43,"column":8}}]},"4":{"line":47,"type":"if","locations":[{"start":{"line":47,"column":8},"end":{"line":47,"column":8}},{"start":{"line":47,"column":8},"end":{"line":47,"column":8}}]},"5":{"line":49,"type":"if","locations":[{"start":{"line":49,"column":12},"end":{"line":49,"column":12}},{"start":{"line":49,"column":12},"end":{"line":49,"column":12}}]},"6":{"line":57,"type":"if","locations":[{"start":{"line":57,"column":51},"end":{"line":57,"column":51}},{"start":{"line":57,"column":51},"end":{"line":57,"column":51}}]},"7":{"line":59,"type":"if","locations":[{"start":{"line":59,"column":8},"end":{"line":59,"column":8}},{"start":{"line":59,"column":8},"end":{"line":59,"column":8}}]},"8":{"line":84,"type":"if","locations":[{"start":{"line":84,"column":8},"end":{"line":84,"column":8}},{"start":{"line":84,"column":8},"end":{"line":84,"column":8}}]},"9":{"line":89,"type":"if","locations":[{"start":{"line":89,"column":8},"end":{"line":89,"column":8}},{"start":{"line":89,"column":8},"end":{"line":89,"column":8}}]},"10":{"line":90,"type":"if","locations":[{"start":{"line":90,"column":8},"end":{"line":90,"column":8}},{"start":{"line":90,"column":8},"end":{"line":90,"column":8}}]},"11":{"line":91,"type":"if","locations":[{"start":{"line":91,"column":8},"end":{"line":91,"column":8}},{"start":{"line":91,"column":8},"end":{"line":91,"column":8}}]},"12":{"line":101,"type":"cond-expr","locations":[{"start":{"line":101,"column":15},"end":{"line":101,"column":53}},{"start":{"line":101,"column":58},"end":{"line":101,"column":93}}]}}},
"contracts\\StarForge.sol":{"l":{"21":56,"22":56,"23":56,"24":56,"25":56,"26":56,"30":5,"31":4,"32":4,"33":4,"34":4,"38":4,"39":3,"43":1,"44":1,"48":5,"52":5,"57":167,"62":0},"path":"C:\\Users\\short\\StarforgeToken\\contracts\\StarForge.sol","s":{"1":56,"2":56,"3":56,"4":56,"5":56,"6":5,"7":4,"8":4,"9":4,"10":4,"11":3,"12":1,"13":1,"14":5,"15":5,"16":167,"17":0},"b":{"1":[56,0],"2":[5,0],"3":[4,1],"4":[4,2],"5":[3,1],"6":[1,0],"7":[1,0],"8":[5,2],"9":[5,2],"10":[167,1]},"f":{"1":56,"2":5,"3":4,"4":1,"5":5,"6":5,"7":167,"8":0},"fnMap":{"1":{"name":"constructor","line":20,"loc":{"start":{"line":18,"column":4},"end":{"line":27,"column":4}}},"2":{"name":"burnUser","line":29,"loc":{"start":{"line":29,"column":4},"end":{"line":35,"column":4}}},"3":{"name":"burnExcessTreasury","line":37,"loc":{"start":{"line":37,"column":4},"end":{"line":40,"column":4}}},"4":{"name":"burnMilestone","line":42,"loc":{"start":{"line":42,"column":4},"end":{"line":45,"column":4}}},"5":{"name":"pause","line":47,"loc":{"start":{"line":47,"column":4},"end":{"line":49,"column":4}}},"6":{"name":"unpause","line":51,"loc":{"start":{"line":51,"column":4},"end":{"line":53,"column":4}}},"7":{"name":"_update","line":56,"loc":{"start":{"line":55,"column":4},"end":{"line":58,"column":4}}},"8":{"name":"nonces","line":60,"loc":{"start":{"line":60,"column":4},"end":{"line":63,"column":4}}}},"statementMap":{"1":{"start":{"line":21,"column":8},"end":{"line":21,"column":128}},"2":{"start":{"line":23,"column":8},"end":{"line":23,"column":35}},"3":{"start":{"line":24,"column":8},"end":{"line":24,"column":46}},"4":{"start":{"line":25,"column":8},"end":{"line":25,"column":40}},"5":{"start":{"line":26,"column":8},"end":{"line":26,"column":39}},"6":{"start":{"line":30,"column":8},"end":{"line":30,"column":44}},"7":{"start":{"line":31,"column":8},"end":{"line":31,"column":32}},"8":{"start":{"line":32,"column":8},"end":{"line":32,"column":48}},"9":{"start":{"line":34,"column":8},"end":{"line":34,"column":35}},"10":{"start":{"line":38,"column":8},"end":{"line":38,"column":44}},"11":{"start":{"line":39,"column":8},"end":{"line":39,"column":32}},"12":{"start":{"line":43,"column":8},"end":{"line":43,"column":44}},"13":{"start":{"line":44,"column":8},"end":{"line":44,"column":32}},"14":{"start":{"line":48,"column":8},"end":{"line":48,"column":15}},"15":{"start":{"line":52,"column":8},"end":{"line":52,"column":17}},"16":{"start":{"line":57,"column":8},"end":{"line":57,"column":38}},"17":{"start":{"line":62,"column":8},"end":{"line":62,"column":34}}},"branchMap":{"1":{"line":21,"type":"if","locations":[{"start":{"line":21,"column":8},"end":{"line":21,"column":8}},{"start":{"line":21,"column":8},"end":{"line":21,"column":8}}]},"2":{"line":29,"type":"if","locations":[{"start":{"line":29,"column":47},"end":{"line":29,"column":47}},{"start":{"line":29,"column":47},"end":{"line":29,"column":47}}]},"3":{"line":30,"type":"if","locations":[{"start":{"line":30,"column":8},"end":{"line":30,"column":8}},{"start":{"line":30,"column":8},"end":{"line":30,"column":8}}]},"4":{"line":37,"type":"if","locations":[{"start":{"line":37,"column":57},"end":{"line":37,"column":57}},{"start":{"line":37,"column":57},"end":{"line":37,"column":57}}]},"5":{"line":38,"type":"if","locations":[{"start":{"line":38,"column":8},"end":{"line":38,"column":8}},{"start":{"line":38,"column":8},"end":{"line":38,"column":8}}]},"6":{"line":42,"type":"if","locations":[{"start":{"line":42,"column":52},"end":{"line":42,"column":52}},{"start":{"line":42,"column":52},"end":{"line":42,"column":52}}]},"7":{"line":43,"type":"if","locations":[{"start":{"line":43,"column":8},"end":{"line":43,"column":8}},{"start":{"line":43,"column":8},"end":{"line":43,"column":8}}]},"8":{"line":47,"type":"if","locations":[{"start":{"line":47,"column":30},"end":{"line":47,"column":30}},{"start":{"line":47,"column":30},"end":{"line":47,"column":30}}]},"9":{"line":51,"type":"if","locations":[{"start":{"line":51,"column":32},"end":{"line":51,"column":32}},{"start":{"line":51,"column":32},"end":{"line":51,"column":32}}]},"10":{"line":56,"type":"if","locations":[{"start":{"line":56,"column":45},"end":{"line":56,"column":45}},{"start":{"line":56,"column":45},"end":{"line":56,"column":45}}]}}},
"contracts\\StarforgeGovernor.sol":{"l":{"58":13,"59":13,"61":13,"63":13,"64":13,"65":13,"74":1,"75":1,"76":1,"77":1,"78":1,"83":7,"84":7,"85":7,"86":7,"87":7,"92":5,"111":26,"114":26,"115":26,"117":26,"118":26,"120":24,"123":2,"135":20,"142":16,"149":16,"156":14,"168":65,"169":65,"170":65,"179":2,"180":2,"181":2,"195":6,"196":6,"197":6,"210":6,"211":6,"212":6,"225":1,"226":1,"227":1,"235":33,"246":3},"path":"C:\\Users\\short\\StarforgeToken\\contracts\\StarforgeGovernor.sol","s":{"1":13,"2":13,"3":13,"4":13,"5":13,"6":1,"7":1,"8":1,"9":1,"10":7,"11":7,"12":7,"13":7,"14":5,"15":26,"16":26,"17":26,"18":26,"19":26,"20":24,"21":2,"22":20,"23":16,"24":16,"25":14,"26":65,"27":65,"28":65,"29":2,"30":2,"31":2,"32":6,"33":6,"34":6,"35":6,"36":6,"37":6,"38":1,"39":1,"40":1,"41":33,"42":3},"b":{"1":[1,0],"2":[7,2],"3":[7,0],"4":[24,2]},"f":{"1":13,"2":1,"3":7,"4":5,"5":26,"6":20,"7":16,"8":16,"9":14,"10":65,"11":2,"12":6,"13":6,"14":1,"15":33,"16":3},"fnMap":{"1":{"name":"constructor","line":56,"loc":{"start":{"line":47,"column":4},"end":{"line":66,"column":4}}},"2":{"name":"setVoteTier","line":73,"loc":{"start":{"line":73,"column":4},"end":{"line":79,"column":4}}},"3":{"name":"setVoteTier","line":82,"loc":{"start":{"line":82,"column":4},"end":{"line":88,"column":4}}},"4":{"name":"voteTier","line":91,"loc":{"start":{"line":91,"column":4},"end":{"line":93,"column":4}}},"5":{"name":"_getVotes","line":101,"loc":{"start":{"line":101,"column":4},"end":{"line":124,"column":4}}},"6":{"name":"votingDelay","line":130,"loc":{"start":{"line":130,"column":4},"end":{"line":135,"column":34}}},"7":{"name":"votingPeriod","line":137,"loc":{"start":{"line":137,"column":4},"end":{"line":142,"column":35}}},"8":{"name":"quorum","line":144,"loc":{"start":{"line":144,"column":4},"end":{"line":149,"column":40}}},"9":{"name":"proposalThreshold","line":151,"loc":{"start":{"line":151,"column":4},"end":{"line":156,"column":40}}},"10":{"name":"state","line":162,"loc":{"start":{"line":162,"column":4},"end":{"line":171,"column":4}}},"11":{"name":"proposalNeedsQueuing","line":173,"loc":{"start":{"line":173,"column":4},"end":{"line":182,"column":4}}},"12":{"name":"_queueOperations","line":184,"loc":{"start":{"line":184,"column":4},"end":{"line":198,"column":4}}},"13":{"name":"_executeOperations","line":200,"loc":{"start":{"line":200,"column":4},"end":{"line":213,"column":4}}},"14":{"name":"_cancel","line":215,"loc":{"start":{"line":215,"column":4},"end":{"line":228,"column":4}}},"15":{"name":"_executor","line":230,"loc":{"start":{"line":230,"column":4},"end":{"line":235,"column":32}}},"16":{"name":"supportsInterface","line":241,"loc":{"start":{"line":241,"column":4},"end":{"line":246,"column":51}}}},"statementMap":{"1":{"start":{"line":58,"column":8},"end":{"line":58,"column":49}},"2":{"start":{"line":59,"column":8},"end":{"line":59,"column":52}},"3":{"start":{"line":63,"column":8},"end":{"line":63,"column":60}},"4":{"start":{"line":64,"column":8},"end":{"line":64,"column":96}},"5":{"start":{"line":65,"column":8},"end":{"line":65,"column":87}},"6":{"start":{"line":74,"column":8},"end":{"line":74,"column":36}},"7":{"start":{"line":76,"column":8},"end":{"line":76,"column":93}},"8":{"start":{"line":77,"column":8},"end":{"line":77,"column":76}},"9":{"start":{"line":78,"column":8},"end":{"line":78,"column":45}},"10":{"start":{"line":84,"column":8},"end":{"line":84,"column":67}},"11":{"start":{"line":85,"column":8},"end":{"line":85,"column":99}},"12":{"start":{"line":86,"column":8},"end":{"line":86,"column":82}},"13":{"start":{"line":87,"column":8},"end":{"line":87,"column":51}},"14":{"start":{"line":92,"column":8},"end":{"line":92,"column":38}},"15":{"start":{"line":111,"column":8},"end":{"line":111,"column":68}},"16":{"start":{"line":114,"column":8},"end":{"line":114,"column":24}},"17":{"start":{"line":115,"column":8},"end":{"line":115,"column":81}},"18":{"start":{"line":117,"column":8},"end":{"line":117,"column":45}},"19":{"start":{"line":118,"column":8},"end":{"line":118,"column":5184}},"20":{"start":{"line":120,"column":12},"end":{"line":120,"column":23}},"21":{"start":{"line":123,"column":8},"end":{"line":123,"column":42}},"22":{"start":{"line":135,"column":6},"end":{"line":135,"column":32}},"23":{"start":{"line":142,"column":6},"end":{"line":142,"column":33}},"24":{"start":{"line":149,"column":6},"end":{"line":149,"column":38}},"25":{"start":{"line":156,"column":6},"end":{"line":156,"column":38}},"26":{"start":{"line":168,"column":8},"end":{"line":168,"column":49}},"27":{"start":{"line":169,"column":8},"end":{"line":169,"column":76}},"28":{"start":{"line":170,"column":8},"end":{"line":170,"column":16}},"29":{"start":{"line":179,"column":8},"end":{"line":179,"column":59}},"30":{"start":{"line":180,"column":8},"end":{"line":180,"column":78}},"31":{"start":{"line":181,"column":8},"end":{"line":181,"column":20}},"32":{"start":{"line":195,"column":8},"end":{"line":195,"column":85}},"33":{"start":{"line":196,"column":8},"end":{"line":196,"column":107}},"34":{"start":{"line":197,"column":8},"end":{"line":197,"column":94}},"35":{"start":{"line":210,"column":8},"end":{"line":210,"column":85}},"36":{"start":{"line":211,"column":8},"end":{"line":211,"column":80}},"37":{"start":{"line":212,"column":8},"end":{"line":212,"column":88}},"38":{"start":{"line":225,"column":8},"end":{"line":225,"column":56}},"39":{"start":{"line":226,"column":8},"end":{"line":226,"column":57}},"40":{"start":{"line":227,"column":8},"end":{"line":227,"column":73}},"41":{"start":{"line":235,"column":6},"end":{"line":235,"column":30}},"42":{"start":{"line":246,"column":6},"end":{"line":246,"column":49}}},"branchMap":{"1":{"line":73,"type":"if","locations":[{"start":{"line":73,"column":53},"end":{"line":73,"column":53}},{"start":{"line":73,"column":53},"end":{"line":73,"column":53}}]},"2":{"line":82,"type":"if","locations":[{"start":{"line":82,"column":73},"end":{"line":82,"column":73}},{"start":{"line":82,"column":73},"end":{"line":82,"column":73}}]},"3":{"line":84,"type":"if","locations":[{"start":{"line":84,"column":8},"end":{"line":84,"column":8}},{"start":{"line":84,"column":8},"end":{"line":84,"column":8}}]},"4":{"line":118,"type":"if","locations":[{"start":{"line":118,"column":8},"end":{"line":118,"column":8}},{"start":{"line":118,"column":8},"end":{"line":118,"column":8}}]}}},
"contracts\\StarforgeStaking.sol":{"l":{"58":28,"60":28,"61":28,"62":28,"63":28,"64":28,"70":16,"71":16,"73":16,"74":16,"78":16,"79":16,"84":32,"85":32,"86":16,"87":16,"88":16,"89":16,"90":16,"92":16,"95":16,"100":3,"105":2,"112":29,"113":29,"114":13,"116":29,"122":18,"125":16,"126":16,"129":16,"130":16,"131":16,"133":16,"134":16,"138":3,"139":2,"141":2,"143":2,"144":2,"145":2,"148":2,"149":2,"153":2,"154":2,"158":11,"159":11,"160":11,"161":11,"163":11,"164":11,"165":11,"167":11,"174":15,"175":14,"176":14,"182":12,"183":9,"185":9,"186":9,"194":17,"195":17,"197":5,"199":12,"200":12,"206":21,"209":19,"212":18,"213":18,"214":18,"217":17,"218":17,"220":12,"224":6,"225":6,"226":6},"path":"C:\\Users\\short\\StarforgeToken\\contracts\\StarforgeStaking.sol","s":{"1":28,"2":28,"3":28,"4":16,"5":16,"6":16,"7":16,"8":16,"9":0,"10":16,"11":32,"12":32,"13":16,"14":16,"15":0,"16":16,"17":16,"18":16,"19":16,"20":16,"21":3,"22":2,"23":29,"24":29,"25":18,"26":16,"27":16,"28":16,"29":16,"30":3,"31":2,"32":2,"33":2,"34":2,"35":2,"36":2,"37":2,"38":11,"39":11,"40":11,"41":11,"42":11,"43":11,"44":15,"45":14,"46":12,"47":9,"48":9,"49":17,"50":17,"51":5,"52":12,"53":12,"54":21,"55":19,"56":18,"57":18,"58":18,"59":17,"60":17,"61":12,"62":6,"63":0,"64":0},"b":{"1":[28,0],"2":[16,0],"3":[9,7],"4":[0,16],"5":[16,16],"6":[0,16],"7":[16,0],"8":[13,16],"9":[18,0],"10":[18,0],"11":[16,2],"12":[16,0],"13":[3,0],"14":[3,0],"15":[2,1],"16":[2,0],"17":[2,0],"18":[11,0],"19":[11,0],"20":[11,0],"21":[11,0],"22":[15,1],"23":[14,1],"24":[12,0],"25":[9,3],"26":[9,0],"27":[5,12],"28":[5,0],"29":[21,1],"30":[19,2],"31":[18,1],"32":[0,18],"33":[17,1],"34":[12,5],"35":[1,11],"36":[0,0],"37":[0,0]},"f":{"1":28,"2":16,"3":32,"4":3,"5":2,"6":29,"7":18,"8":3,"9":11,"10":15,"11":12,"12":17,"13":21,"14":0,"15":0},"fnMap":{"1":{"name":"constructor","line":57,"loc":{"start":{"line":57,"column":4},"end":{"line":65,"column":4}}},"2":{"name":"_currentRateBps","line":69,"loc":{"start":{"line":69,"column":4},"end":{"line":80,"column":4}}},"3":{"name":"_pendingSinceLast","line":83,"loc":{"start":{"line":83,"column":4},"end":{"line":96,"column":4}}},"4":{"name":"pendingRewards","line":99,"loc":{"start":{"line":99,"column":4},"end":{"line":101,"column":4}}},"5":{"name":"getRewards","line":104,"loc":{"start":{"line":104,"column":4},"end":{"line":106,"column":4}}},"6":{"name":"updateRewards","line":111,"loc":{"start":{"line":111,"column":4},"end":{"line":117,"column":4}}},"7":{"name":"stake","line":121,"loc":{"start":{"line":121,"column":4},"end":{"line":135,"column":4}}},"8":{"name":"unstake","line":137,"loc":{"start":{"line":137,"column":4},"end":{"line":155,"column":4}}},"9":{"name":"claimRewards","line":157,"loc":{"start":{"line":157,"column":4},"end":{"line":168,"column":4}}},"10":{"name":"setRewardsFunder","line":173,"loc":{"start":{"line":173,"column":4},"end":{"line":177,"column":4}}},"11":{"name":"notifyRewardReceived","line":181,"loc":{"start":{"line":181,"column":4},"end":{"line":187,"column":4}}},"12":{"name":"_runwayFracWith","line":193,"loc":{"start":{"line":193,"column":4},"end":{"line":201,"column":4}}},"13":{"name":"setBaseApyBps","line":204,"loc":{"start":{"line":204,"column":4},"end":{"line":227,"column":4}}},"14":{"name":"pause","line":231,"loc":{"start":{"line":231,"column":4},"end":{"line":231,"column":71}}},"15":{"name":"unpause","line":232,"loc":{"start":{"line":232,"column":4},"end":{"line":232,"column":75}}}},"statementMap":{"1":{"start":{"line":58,"column":8},"end":{"line":58,"column":52}},"2":{"start":{"line":62,"column":8},"end":{"line":62,"column":49}},"3":{"start":{"line":63,"column":8},"end":{"line":63,"column":49}},"4":{"start":{"line":70,"column":8},"end":{"line":70,"column":33}},"5":{"start":{"line":71,"column":8},"end":{"line":71,"column":3693}},"6":{"start":{"line":73,"column":12},"end":{"line":73,"column":3844}},"7":{"start":{"line":74,"column":16},"end":{"line":74,"column":52}},"8":{"start":{"line":78,"column":8},"end":{"line":78,"column":50}},"9":{"start":{"line":78,"column":32},"end":{"line":78,"column":50}},"10":{"start":{"line":79,"column":8},"end":{"line":79,"column":19}},"11":{"start":{"line":84,"column":8},"end":{"line":84,"column":47}},"12":{"start":{"line":85,"column":8},"end":{"line":85,"column":4290}},"13":{"start":{"line":86,"column":12},"end":{"line":86,"column":47}},"14":{"start":{"line":87,"column":12},"end":{"line":87,"column":35}},"15":{"start":{"line":87,"column":27},"end":{"line":87,"column":35}},"16":{"start":{"line":88,"column":12},"end":{"line":88,"column":4416}},"17":{"start":{"line":89,"column":16},"end":{"line":89,"column":54}},"18":{"start":{"line":90,"column":16},"end":{"line":90,"column":55}},"19":{"start":{"line":92,"column":16},"end":{"line":92,"column":81}},"20":{"start":{"line":95,"column":8},"end":{"line":95,"column":16}},"21":{"start":{"line":100,"column":8},"end":{"line":100,"column":60}},"22":{"start":{"line":105,"column":8},"end":{"line":105,"column":35}},"23":{"start":{"line":112,"column":8},"end":{"line":112,"column":46}},"24":{"start":{"line":113,"column":8},"end":{"line":113,"column":5466}},"25":{"start":{"line":122,"column":8},"end":{"line":122,"column":47}},"26":{"start":{"line":125,"column":8},"end":{"line":125,"column":5879}},"27":{"start":{"line":129,"column":8},"end":{"line":129,"column":32}},"28":{"start":{"line":133,"column":8},"end":{"line":133,"column":79}},"29":{"start":{"line":134,"column":8},"end":{"line":134,"column":39}},"30":{"start":{"line":138,"column":8},"end":{"line":138,"column":49}},"31":{"start":{"line":139,"column":8},"end":{"line":139,"column":82}},"32":{"start":{"line":141,"column":8},"end":{"line":141,"column":32}},"33":{"start":{"line":143,"column":8},"end":{"line":143,"column":59}},"34":{"start":{"line":148,"column":8},"end":{"line":148,"column":6749}},"35":{"start":{"line":149,"column":12},"end":{"line":149,"column":38}},"36":{"start":{"line":153,"column":8},"end":{"line":153,"column":66}},"37":{"start":{"line":154,"column":8},"end":{"line":154,"column":46}},"38":{"start":{"line":158,"column":8},"end":{"line":158,"column":32}},"39":{"start":{"line":159,"column":8},"end":{"line":159,"column":50}},"40":{"start":{"line":160,"column":8},"end":{"line":160,"column":40}},"41":{"start":{"line":161,"column":8},"end":{"line":161,"column":72}},"42":{"start":{"line":165,"column":8},"end":{"line":165,"column":60}},"43":{"start":{"line":167,"column":8},"end":{"line":167,"column":47}},"44":{"start":{"line":174,"column":8},"end":{"line":174,"column":48}},"45":{"start":{"line":176,"column":8},"end":{"line":176,"column":34}},"46":{"start":{"line":182,"column":8},"end":{"line":182,"column":57}},"47":{"start":{"line":183,"column":8},"end":{"line":183,"column":38}},"48":{"start":{"line":186,"column":8},"end":{"line":186,"column":46}},"49":{"start":{"line":194,"column":8},"end":{"line":194,"column":55}},"50":{"start":{"line":195,"column":8},"end":{"line":195,"column":8972}},"51":{"start":{"line":197,"column":12},"end":{"line":197,"column":25}},"52":{"start":{"line":199,"column":8},"end":{"line":199,"column":67}},"53":{"start":{"line":200,"column":8},"end":{"line":200,"column":48}},"54":{"start":{"line":206,"column":8},"end":{"line":206,"column":70}},"55":{"start":{"line":209,"column":8},"end":{"line":209,"column":82}},"56":{"start":{"line":212,"column":8},"end":{"line":212,"column":32}},"57":{"start":{"line":213,"column":8},"end":{"line":213,"column":69}},"58":{"start":{"line":214,"column":8},"end":{"line":214,"column":58}},"59":{"start":{"line":217,"column":8},"end":{"line":217,"column":64}},"60":{"start":{"line":218,"column":8},"end":{"line":218,"column":10006}},"61":{"start":{"line":220,"column":12},"end":{"line":220,"column":53}},"62":{"start":{"line":226,"column":8},"end":{"line":226,"column":40}},"63":{"start":{"line":231,"column":61},"end":{"line":231,"column":68}},"64":{"start":{"line":232,"column":63},"end":{"line":232,"column":72}}},"branchMap":{"1":{"line":58,"type":"if","locations":[{"start":{"line":58,"column":8},"end":{"line":58,"column":8}},{"start":{"line":58,"column":8},"end":{"line":58,"column":8}}]},"2":{"line":71,"type":"if","locations":[{"start":{"line":71,"column":8},"end":{"line":71,"column":8}},{"start":{"line":71,"column":8},"end":{"line":71,"column":8}}]},"3":{"line":74,"type":"if","locations":[{"start":{"line":74,"column":16},"end":{"line":74,"column":16}},{"start":{"line":74,"column":16},"end":{"line":74,"column":16}}]},"4":{"line":78,"type":"if","locations":[{"start":{"line":78,"column":8},"end":{"line":78,"column":8}},{"start":{"line":78,"column":8},"end":{"line":78,"column":8}}]},"5":{"line":85,"type":"if","locations":[{"start":{"line":85,"column":8},"end":{"line":85,"column":8}},{"start":{"line":85,"column":8},"end":{"line":85,"column":8}}]},"6":{"line":87,"type":"if","locations":[{"start":{"line":87,"column":12},"end":{"line":87,"column":12}},{"start":{"line":87,"column":12},"end":{"line":87,"column":12}}]},"7":{"line":88,"type":"if","locations":[{"start":{"line":88,"column":12},"end":{"line":88,"column":12}},{"start":{"line":88,"column":12},"end":{"line":88,"column":12}}]},"8":{"line":113,"type":"if","locations":[{"start":{"line":113,"column":8},"end":{"line":113,"column":8}},{"start":{"line":113,"column":8},"end":{"line":113,"column":8}}]},"9":{"line":121,"type":"if","locations":[{"start":{"line":121,"column":44},"end":{"line":121,"column":44}},{"start":{"line":121,"column":44},"end":{"line":121,"column":44}}]},"10":{"line":121,"type":"if","locations":[{"start":{"line":121,"column":58},"end":{"line":121,"column":58}},{"start":{"line":121,"column":58},"end":{"line":121,"column":58}}]},"11":{"line":122,"type":"if","locations":[{"start":{"line":122,"column":8},"end":{"line":122,"column":8}},{"start":{"line":122,"column":8},"end":{"line":122,"column":8}}]},"12":{"line":125,"type":"if","locations":[{"start":{"line":125,"column":8},"end":{"line":125,"column":8}},{"start":{"line":125,"column":8},"end":{"line":125,"column":8}}]},"13":{"line":137,"type":"if","locations":[{"start":{"line":137,"column":46},"end":{"line":137,"column":46}},{"start":{"line":137,"column":46},"end":{"line":137,"column":46}}]},"14":{"line":137,"type":"if","locations":[{"start":{"line":137,"column":60},"end":{"line":137,"column":60}},{"start":{"line":137,"column":60},"end":{"line":137,"column":60}}]},"15":{"line":138,"type":"if","locations":[{"start":{"line":138,"column":8},"end":{"line":138,"column":8}},{"start":{"line":138,"column":8},"end":{"line":138,"column":8}}]},"16":{"line":139,"type":"if","locations":[{"start":{"line":139,"column":8},"end":{"line":139,"column":8}},{"start":{"line":139,"column":8},"end":{"line":139,"column":8}}]},"17":{"line":148,"type":"if","locations":[{"start":{"line":148,"column":8},"end":{"line":148,"column":8}},{"start":{"line":148,"column":8},"end":{"line":148,"column":8}}]},"18":{"line":157,"type":"if","locations":[{"start":{"line":157,"column":37},"end":{"line":157,"column":37}},{"start":{"line":157,"column":37},"end":{"line":157,"column":37}}]},"19":{"line":157,"type":"if","locations":[{"start":{"line":157,"column":51},"end":{"line":157,"column":51}},{"start":{"line":157,"column":51},"end":{"line":157,"column":51}}]},"20":{"line":160,"type":"if","locations":[{"start":{"line":160,"column":8},"end":{"line":160,"column":8}},{"start":{"line":160,"column":8},"end":{"line":160,"column":8}}]},"21":{"line":161,"type":"if","locations":[{"start":{"line":161,"column":8},"end":{"line":161,"column":8}},{"start":{"line":161,"column":8},"end":{"line":161,"column":8}}]},"22":{"line":173,"type":"if","locations":[{"start":{"line":173,"column":52},"end":{"line":173,"column":52}},{"start":{"line":173,"column":52},"end":{"line":173,"column":52}}]},"23":{"line":174,"type":"if","locations":[{"start":{"line":174,"column":8},"end":{"line":174,"column":8}},{"start":{"line":174,"column":8},"end":{"line":174,"column":8}}]},"24":{"line":181,"type":"if","locations":[{"start":{"line":181,"column":59},"end":{"line":181,"column":59}},{"start":{"line":181,"column":59},"end":{"line":181,"column":59}}]},"25":{"line":182,"type":"if","locations":[{"start":{"line":182,"column":8},"end":{"line":182,"column":8}},{"start":{"line":182,"column":8},"end":{"line":182,"column":8}}]},"26":{"line":183,"type":"if","locations":[{"start":{"line":183,"column":8},"end":{"line":183,"column":8}},{"start":{"line":183,"column":8},"end":{"line":183,"column":8}}]},"27":{"line":195,"type":"if","locations":[{"start":{"line":195,"column":8},"end":{"line":195,"column":8}},{"start":{"line":195,"column":8},"end":{"line":195,"column":8}}]},"28":{"line":195,"type":"cond-expr","locations":[{"start":{"line":195,"column":12},"end":{"line":195,"column":27}},{"start":{"line":195,"column":32},"end":{"line":195,"column":44}}]},"29":{"line":204,"type":"if","locations":[{"start":{"line":204,"column":52},"end":{"line":204,"column":52}},{"start":{"line":204,"column":52},"end":{"line":204,"column":52}}]},"30":{"line":206,"type":"if","locations":[{"start":{"line":206,"column":8},"end":{"line":206,"column":8}},{"start":{"line":206,"column":8},"end":{"line":206,"column":8}}]},"31":{"line":209,"type":"if","locations":[{"start":{"line":209,"column":8},"end":{"line":209,"column":8}},{"start":{"line":209,"column":8},"end":{"line":209,"column":8}}]},"32":{"line":213,"type":"if","locations":[{"start":{"line":213,"column":38},"end":{"line":213,"column":51}},{"start":{"line":213,"column":55},"end":{"line":213,"column":68}}]},"33":{"line":214,"type":"if","locations":[{"start":{"line":214,"column":8},"end":{"line":214,"column":8}},{"start":{"line":214,"column":8},"end":{"line":214,"column":8}}]},"34":{"line":218,"type":"if","locations":[{"start":{"line":218,"column":8},"end":{"line":218,"column":8}},{"start":{"line":218,"column":8},"end":{"line":218,"column":8}}]},"35":{"line":220,"type":"if","locations":[{"start":{"line":220,"column":12},"end":{"line":220,"column":12}},{"start":{"line":220,"column":12},"end":{"line":220,"column":12}}]},"36":{"line":231,"type":"if","locations":[{"start":{"line":231,"column":30},"end":{"line":231,"column":30}},{"start":{"line":231,"column":30},"end":{"line":231,"column":30}}]},"37":{"line":232,"type":"if","locations":[{"start":{"line":232,"column":32},"end":{"line":232,"column":32}},{"start":{"line":232,"column":32},"end":{"line":232,"column":32}}]}}},
"contracts\\test.MockRelayTarget.sol":{"l":{"13":1,"14":1,"15":1,"16":1,"21":1},"path":"C:\\Users\\short\\StarforgeToken\\contracts\\test.MockRelayTarget.sol","s":{"1":1,"2":1},"b":{},"f":{"1":1,"2":1},"fnMap":{"1":{"name":"ping","line":12,"loc":{"start":{"line":12,"column":4},"end":{"line":17,"column":4}}},"2":{"name":"counter","line":20,"loc":{"start":{"line":20,"column":4},"end":{"line":22,"column":4}}}},"statementMap":{"1":{"start":{"line":16,"column":8},"end":{"line":16,"column":35}},"2":{"start":{"line":21,"column":8},"end":{"line":21,"column":23}}},"branchMap":{}},
"contracts\\test.MockVotes.sol":{"l":{"19":2,"27":2,"37":0},"path":"C:\\Users\\short\\StarforgeToken\\contracts\\test.MockVotes.sol","s":{"1":2,"2":2,"3":0},"b":{"1":[2,0]},"f":{"1":3,"2":2,"3":2,"4":0},"fnMap":{"1":{"name":"constructor","line":14,"loc":{"start":{"line":11,"column":4},"end":{"line":15,"column":5}}},"2":{"name":"mint","line":18,"loc":{"start":{"line":18,"column":4},"end":{"line":20,"column":4}}},"3":{"name":"_update","line":23,"loc":{"start":{"line":23,"column":4},"end":{"line":28,"column":4}}},"4":{"name":"nonces","line":31,"loc":{"start":{"line":31,"column":4},"end":{"line":38,"column":4}}}},"statementMap":{"1":{"start":{"line":19,"column":8},"end":{"line":19,"column":24}},"2":{"start":{"line":27,"column":8},"end":{"line":27,"column":37}},"3":{"start":{"line":37,"column":8},"end":{"line":37,"column":34}}},"branchMap":{"1":{"line":18,"type":"if","locations":[{"start":{"line":18,"column":55},"end":{"line":18,"column":55}},{"start":{"line":18,"column":55},"end":{"line":18,"column":55}}]}}},
"contracts\\TreasuryVesting.sol":{"l":{"55":19,"56":19,"57":19,"58":19,"70":18,"71":15,"72":15,"73":13,"74":11,"77":10,"84":10,"87":10,"89":10,"95":13,"96":13,"97":13,"98":12,"99":12,"100":11,"101":11,"102":6,"103":6,"106":2,"111":11,"112":11,"114":10,"115":10,"116":10,"119":7,"120":7,"123":7,"125":7,"137":1,"138":1,"140":1,"141":1,"143":1,"144":1,"145":1,"146":1,"147":1,"148":1,"150":0,"174":11,"175":9,"176":9,"177":9,"179":8,"180":8,"183":8,"185":8,"186":8,"187":8,"189":8,"201":3,"202":3,"203":2,"204":2,"206":1,"207":1,"209":1,"214":9,"226":2,"227":1,"228":1,"238":7,"239":7,"240":6,"241":6,"242":3},"path":"C:\\Users\\short\\StarforgeToken\\contracts\\TreasuryVesting.sol","s":{"1":19,"2":19,"3":19,"4":18,"5":15,"6":15,"7":13,"8":11,"9":10,"10":10,"11":13,"12":13,"13":13,"14":12,"15":12,"16":11,"17":11,"18":5,"19":6,"20":6,"21":2,"22":11,"23":11,"24":10,"25":10,"26":10,"27":7,"28":7,"29":1,"30":1,"31":1,"32":1,"33":1,"34":1,"35":1,"36":1,"37":0,"38":11,"39":9,"40":9,"41":9,"42":8,"43":8,"44":8,"45":8,"46":3,"47":3,"48":2,"49":2,"50":1,"51":1,"52":9,"53":2,"54":1,"55":1,"56":7,"57":7,"58":6,"59":6,"60":3},"b":{"1":[19,0],"2":[18,1],"3":[15,3],"4":[15,0],"5":[13,2],"6":[11,2],"7":[10,1],"8":[12,1],"9":[11,1],"10":[5,6],"11":[11,0],"12":[10,1],"13":[7,3],"14":[7,3],"15":[1,0],"16":[1,0],"17":[1,0],"18":[1,0],"19":[0,1],"20":[1,0],"21":[11,2],"22":[11,0],"23":[9,2],"24":[9,0],"25":[9,0],"26":[8,1],"27":[8,0],"28":[3,2],"29":[3,0],"30":[3,0],"31":[2,1],"32":[2,0],"33":[1,1],"34":[2,0],"35":[2,0],"36":[1,1],"37":[1,0],"38":[7,1],"39":[7,0],"40":[7,0],"41":[3,3]},"f":{"1":19,"2":18,"3":13,"4":11,"5":1,"6":11,"7":3,"8":9,"9":2,"10":7},"fnMap":{"1":{"name":"constructor","line":54,"loc":{"start":{"line":54,"column":4},"end":{"line":59,"column":4}}},"2":{"name":"setAllocation","line":68,"loc":{"start":{"line":66,"column":4},"end":{"line":90,"column":4}}},"3":{"name":"vestedAmount","line":94,"loc":{"start":{"line":94,"column":4},"end":{"line":107,"column":4}}},"4":{"name":"claimVestedTokens","line":110,"loc":{"start":{"line":110,"column":4},"end":{"line":126,"column":4}}},"5":{"name":"clearAllocation","line":135,"loc":{"start":{"line":132,"column":4},"end":{"line":152,"column":4}}},"6":{"name":"initStakingRewardsVault","line":172,"loc":{"start":{"line":169,"column":4},"end":{"line":190,"column":4}}},"7":{"name":"fundStaking","line":199,"loc":{"start":{"line":196,"column":4},"end":{"line":210,"column":4}}},"8":{"name":"stakingVaultInfo","line":213,"loc":{"start":{"line":213,"column":4},"end":{"line":215,"column":4}}},"9":{"name":"recoverERC20","line":224,"loc":{"start":{"line":221,"column":4},"end":{"line":229,"column":4}}},"10":{"name":"recoverExcessSFT","line":236,"loc":{"start":{"line":233,"column":4},"end":{"line":243,"column":4}}}},"statementMap":{"1":{"start":{"line":55,"column":8},"end":{"line":55,"column":52}},"2":{"start":{"line":57,"column":8},"end":{"line":57,"column":49}},"3":{"start":{"line":58,"column":8},"end":{"line":58,"column":49}},"4":{"start":{"line":70,"column":8},"end":{"line":70,"column":81}},"5":{"start":{"line":71,"column":8},"end":{"line":71,"column":61}},"6":{"start":{"line":72,"column":8},"end":{"line":72,"column":44}},"7":{"start":{"line":73,"column":8},"end":{"line":73,"column":48}},"8":{"start":{"line":74,"column":8},"end":{"line":74,"column":81}},"9":{"start":{"line":87,"column":8},"end":{"line":87,"column":79}},"10":{"start":{"line":89,"column":8},"end":{"line":89,"column":65}},"11":{"start":{"line":95,"column":8},"end":{"line":95,"column":71}},"12":{"start":{"line":96,"column":8},"end":{"line":96,"column":44}},"13":{"start":{"line":97,"column":8},"end":{"line":97,"column":4444}},"14":{"start":{"line":98,"column":12},"end":{"line":98,"column":46}},"15":{"start":{"line":99,"column":12},"end":{"line":99,"column":4527}},"16":{"start":{"line":100,"column":16},"end":{"line":100,"column":55}},"17":{"start":{"line":101,"column":16},"end":{"line":101,"column":50}},"18":{"start":{"line":101,"column":38},"end":{"line":101,"column":50}},"19":{"start":{"line":102,"column":16},"end":{"line":102,"column":51}},"20":{"start":{"line":103,"column":16},"end":{"line":103,"column":60}},"21":{"start":{"line":106,"column":8},"end":{"line":106,"column":16}},"22":{"start":{"line":111,"column":8},"end":{"line":111,"column":72}},"23":{"start":{"line":112,"column":8},"end":{"line":112,"column":63}},"24":{"start":{"line":114,"column":8},"end":{"line":114,"column":67}},"25":{"start":{"line":115,"column":8},"end":{"line":115,"column":102}},"26":{"start":{"line":116,"column":8},"end":{"line":116,"column":54}},"27":{"start":{"line":123,"column":8},"end":{"line":123,"column":65}},"28":{"start":{"line":125,"column":8},"end":{"line":125,"column":51}},"29":{"start":{"line":137,"column":8},"end":{"line":137,"column":71}},"30":{"start":{"line":138,"column":8},"end":{"line":138,"column":55}},"31":{"start":{"line":140,"column":8},"end":{"line":140,"column":75}},"32":{"start":{"line":143,"column":8},"end":{"line":143,"column":6357}},"33":{"start":{"line":145,"column":12},"end":{"line":145,"column":76}},"34":{"start":{"line":146,"column":12},"end":{"line":146,"column":53}},"35":{"start":{"line":147,"column":12},"end":{"line":147,"column":60}},"36":{"start":{"line":148,"column":12},"end":{"line":148,"column":63}},"37":{"start":{"line":150,"column":12},"end":{"line":150,"column":62}},"38":{"start":{"line":174,"column":8},"end":{"line":174,"column":67}},"39":{"start":{"line":175,"column":8},"end":{"line":175,"column":110}},"40":{"start":{"line":176,"column":8},"end":{"line":176,"column":48}},"41":{"start":{"line":177,"column":8},"end":{"line":177,"column":61}},"42":{"start":{"line":179,"column":8},"end":{"line":179,"column":63}},"43":{"start":{"line":180,"column":8},"end":{"line":180,"column":32}},"44":{"start":{"line":183,"column":8},"end":{"line":183,"column":76}},"45":{"start":{"line":189,"column":8},"end":{"line":189,"column":61}},"46":{"start":{"line":201,"column":8},"end":{"line":201,"column":62}},"47":{"start":{"line":202,"column":8},"end":{"line":202,"column":50}},"48":{"start":{"line":203,"column":8},"end":{"line":203,"column":38}},"49":{"start":{"line":204,"column":8},"end":{"line":204,"column":60}},"50":{"start":{"line":207,"column":8},"end":{"line":207,"column":57}},"51":{"start":{"line":209,"column":8},"end":{"line":209,"column":60}},"52":{"start":{"line":214,"column":8},"end":{"line":214,"column":78}},"53":{"start":{"line":226,"column":8},"end":{"line":226,"column":61}},"54":{"start":{"line":227,"column":8},"end":{"line":227,"column":49}},"55":{"start":{"line":228,"column":8},"end":{"line":228,"column":45}},"56":{"start":{"line":238,"column":8},"end":{"line":238,"column":49}},"57":{"start":{"line":239,"column":8},"end":{"line":239,"column":67}},"58":{"start":{"line":240,"column":8},"end":{"line":240,"column":66}},"59":{"start":{"line":241,"column":8},"end":{"line":241,"column":57}},"60":{"start":{"line":242,"column":8},"end":{"line":242,"column":52}}},"branchMap":{"1":{"line":55,"type":"if","locations":[{"start":{"line":55,"column":8},"end":{"line":55,"column":8}},{"start":{"line":55,"column":8},"end":{"line":55,"column":8}}]},"2":{"line":68,"type":"if","locations":[{"start":{"line":68,"column":8},"end":{"line":68,"column":8}},{"start":{"line":68,"column":8},"end":{"line":68,"column":8}}]},"3":{"line":70,"type":"if","locations":[{"start":{"line":70,"column":8},"end":{"line":70,"column":8}},{"start":{"line":70,"column":8},"end":{"line":70,"column":8}}]},"4":{"line":71,"type":"if","locations":[{"start":{"line":71,"column":8},"end":{"line":71,"column":8}},{"start":{"line":71,"column":8},"end":{"line":71,"column":8}}]},"5":{"line":72,"type":"if","locations":[{"start":{"line":72,"column":8},"end":{"line":72,"column":8}},{"start":{"line":72,"column":8},"end":{"line":72,"column":8}}]},"6":{"line":73,"type":"if","locations":[{"start":{"line":73,"column":8},"end":{"line":73,"column":8}},{"start":{"line":73,"column":8},"end":{"line":73,"column":8}}]},"7":{"line":74,"type":"if","locations":[{"start":{"line":74,"column":8},"end":{"line":74,"column":8}},{"start":{"line":74,"column":8},"end":{"line":74,"column":8}}]},"8":{"line":97,"type":"if","locations":[{"start":{"line":97,"column":8},"end":{"line":97,"column":8}},{"start":{"line":97,"column":8},"end":{"line":97,"column":8}}]},"9":{"line":99,"type":"if","locations":[{"start":{"line":99,"column":12},"end":{"line":99,"column":12}},{"start":{"line":99,"column":12},"end":{"line":99,"column":12}}]},"10":{"line":101,"type":"if","locations":[{"start":{"line":101,"column":16},"end":{"line":101,"column":16}},{"start":{"line":101,"column":16},"end":{"line":101,"column":16}}]},"11":{"line":110,"type":"if","locations":[{"start":{"line":110,"column":61},"end":{"line":110,"column":61}},{"start":{"line":110,"column":61},"end":{"line":110,"column":61}}]},"12":{"line":112,"type":"if","locations":[{"start":{"line":112,"column":8},"end":{"line":112,"column":8}},{"start":{"line":112,"column":8},"end":{"line":112,"column":8}}]},"13":{"line":115,"type":"if","locations":[{"start":{"line":115,"column":64},"end":{"line":115,"column":97}},{"start":{"line":115,"column":101},"end":{"line":115,"column":101}}]},"14":{"line":116,"type":"if","locations":[{"start":{"line":116,"column":8},"end":{"line":116,"column":8}},{"start":{"line":116,"column":8},"end":{"line":116,"column":8}}]},"15":{"line":134,"type":"if","locations":[{"start":{"line":134,"column":8},"end":{"line":134,"column":8}},{"start":{"line":134,"column":8},"end":{"line":134,"column":8}}]},"16":{"line":135,"type":"if","locations":[{"start":{"line":135,"column":8},"end":{"line":135,"column":8}},{"start":{"line":135,"column":8},"end":{"line":135,"column":8}}]},"17":{"line":138,"type":"if","locations":[{"start":{"line":138,"column":8},"end":{"line":138,"column":8}},{"start":{"line":138,"column":8},"end":{"line":138,"column":8}}]},"18":{"line":143,"type":"if","locations":[{"start":{"line":143,"column":8},"end":{"line":143,"column":8}},{"start":{"line":143,"column":8},"end":{"line":143,"column":8}}]},"19":{"line":145,"type":"if","locations":[{"start":{"line":145,"column":50},"end":{"line":145,"column":64}},{"start":{"line":145,"column":68},"end":{"line":145,"column":75}}]},"20":{"line":146,"type":"if","locations":[{"start":{"line":146,"column":12},"end":{"line":146,"column":12}},{"start":{"line":146,"column":12},"end":{"line":146,"column":12}}]},"21":{"line":171,"type":"if","locations":[{"start":{"line":171,"column":8},"end":{"line":171,"column":8}},{"start":{"line":171,"column":8},"end":{"line":171,"column":8}}]},"22":{"line":172,"type":"if","locations":[{"start":{"line":172,"column":8},"end":{"line":172,"column":8}},{"start":{"line":172,"column":8},"end":{"line":172,"column":8}}]},"23":{"line":174,"type":"if","locations":[{"start":{"line":174,"column":8},"end":{"line":174,"column":8}},{"start":{"line":174,"column":8},"end":{"line":174,"column":8}}]},"24":{"line":175,"type":"if","locations":[{"start":{"line":175,"column":8},"end":{"line":175,"column":8}},{"start":{"line":175,"column":8},"end":{"line":175,"column":8}}]},"25":{"line":176,"type":"if","locations":[{"start":{"line":176,"column":8},"end":{"line":176,"column":8}},{"start":{"line":176,"column":8},"end":{"line":176,"column":8}}]},"26":{"line":177,"type":"if","locations":[{"start":{"line":177,"column":8},"end":{"line":177,"column":8}},{"start":{"line":177,"column":8},"end":{"line":177,"column":8}}]},"27":{"line":180,"type":"if","locations":[{"start":{"line":180,"column":8},"end":{"line":180,"column":8}},{"start":{"line":180,"column":8},"end":{"line":180,"column":8}}]},"28":{"line":198,"type":"if","locations":[{"start":{"line":198,"column":8},"end":{"line":198,"column":8}},{"start":{"line":198,"column":8},"end":{"line":198,"column":8}}]},"29":{"line":199,"type":"if","locations":[{"start":{"line":199,"column":8},"end":{"line":199,"column":8}},{"start":{"line":199,"column":8},"end":{"line":199,"column":8}}]},"30":{"line":201,"type":"if","locations":[{"start":{"line":201,"column":8},"end":{"line":201,"column":8}},{"start":{"line":201,"column":8},"end":{"line":201,"column":8}}]},"31":{"line":202,"type":"if","locations":[{"start":{"line":202,"column":8},"end":{"line":202,"column":8}},{"start":{"line":202,"column":8},"end":{"line":202,"column":8}}]},"32":{"line":203,"type":"if","locations":[{"start":{"line":203,"column":8},"end":{"line":203,"column":8}},{"start":{"line":203,"column":8},"end":{"line":203,"column":8}}]},"33":{"line":204,"type":"if","locations":[{"start":{"line":204,"column":8},"end":{"line":204,"column":8}},{"start":{"line":204,"column":8},"end":{"line":204,"column":8}}]},"34":{"line":223,"type":"if","locations":[{"start":{"line":223,"column":8},"end":{"line":223,"column":8}},{"start":{"line":223,"column":8},"end":{"line":223,"column":8}}]},"35":{"line":224,"type":"if","locations":[{"start":{"line":224,"column":8},"end":{"line":224,"column":8}},{"start":{"line":224,"column":8},"end":{"line":224,"column":8}}]},"36":{"line":226,"type":"if","locations":[{"start":{"line":226,"column":8},"end":{"line":226,"column":8}},{"start":{"line":226,"column":8},"end":{"line":226,"column":8}}]},"37":{"line":227,"type":"if","locations":[{"start":{"line":227,"column":8},"end":{"line":227,"column":8}},{"start":{"line":227,"column":8},"end":{"line":227,"column":8}}]},"38":{"line":235,"type":"if","locations":[{"start":{"line":235,"column":8},"end":{"line":235,"column":8}},{"start":{"line":235,"column":8},"end":{"line":235,"column":8}}]},"39":{"line":236,"type":"if","locations":[{"start":{"line":236,"column":8},"end":{"line":236,"column":8}},{"start":{"line":236,"column":8},"end":{"line":236,"column":8}}]},"40":{"line":238,"type":"if","locations":[{"start":{"line":238,"column":8},"end":{"line":238,"column":8}},{"start":{"line":238,"column":8},"end":{"line":238,"column":8}}]},"41":{"line":241,"type":"if","locations":[{"start":{"line":241,"column":8},"end":{"line":241,"column":8}},{"start":{"line":241,"column":8},"end":{"line":241,"column":8}}]}}}}
