TN:
SF:C:\Users\short\StarforgeToken\contracts\IOGNFT.sol
FNF:0
FNH:0
LF:0
LH:0
BRF:0
BRH:0
end_of_record
TN:
SF:C:\Users\short\StarforgeToken\contracts\IStarForge.sol
FNF:0
FNH:0
LF:0
LH:0
BRF:0
BRH:0
end_of_record
TN:
SF:C:\Users\short\StarforgeToken\contracts\OGNFT.sol
FN:17,constructor
FN:23,mint
FN:37,_update
FN:57,adminRevoke
FN:66,approve
FN:67,setApprovalForAll
FN:68,transferFrom
FN:74,totalSupply
FN:78,tokenURI
FN:88,_rankToURI
FN:95,supportsInterface
FNF:11
FNH:9
FNDA:76,constructor
FNDA:45,mint
FNDA:42,_update
FNDA:0,adminRevoke
FNDA:6,approve
FNDA:7,setApprovalForAll
FNDA:9,transferFrom
FNDA:0,totalSupply
FNDA:12,tokenURI
FNDA:42,_rankToURI
FNDA:9,supportsInterface
DA:18,76
DA:19,76
DA:20,76
DA:24,45
DA:26,42
DA:27,42
DA:30,42
DA:32,42
DA:42,42
DA:43,42
DA:45,42
DA:47,0
DA:49,0
DA:50,0
DA:53,0
DA:58,0
DA:59,0
DA:60,0
DA:62,0
DA:75,0
DA:84,12
DA:85,11
DA:89,42
DA:90,8
DA:91,3
DA:92,1
DA:101,9
LF:27
LH:18
BRDA:23,1,0,45
BRDA:23,1,1,5
BRDA:24,2,0,42
BRDA:24,2,1,3
BRDA:43,3,0,42
BRDA:43,3,1,0
BRDA:47,4,0,0
BRDA:47,4,1,0
BRDA:49,5,0,0
BRDA:49,5,1,0
BRDA:57,6,0,0
BRDA:57,6,1,0
BRDA:59,7,0,0
BRDA:59,7,1,0
BRDA:84,8,0,11
BRDA:84,8,1,1
BRDA:89,9,0,34
BRDA:89,9,1,8
BRDA:90,10,0,5
BRDA:90,10,1,3
BRDA:91,11,0,2
BRDA:91,11,1,1
BRDA:101,12,0,0
BRDA:101,12,1,7
BRF:24
BRH:14
end_of_record
TN:
SF:C:\Users\short\StarforgeToken\contracts\StarForge.sol
FN:20,constructor
FN:29,burnUser
FN:37,burnExcessTreasury
FN:42,burnMilestone
FN:47,pause
FN:51,unpause
FN:56,_update
FN:60,nonces
FNF:8
FNH:7
FNDA:56,constructor
FNDA:5,burnUser
FNDA:4,burnExcessTreasury
FNDA:1,burnMilestone
FNDA:5,pause
FNDA:5,unpause
FNDA:167,_update
FNDA:0,nonces
DA:21,56
DA:22,56
DA:23,56
DA:24,56
DA:25,56
DA:26,56
DA:30,5
DA:31,4
DA:32,4
DA:33,4
DA:34,4
DA:38,4
DA:39,3
DA:43,1
DA:44,1
DA:48,5
DA:52,5
DA:57,167
DA:62,0
LF:19
LH:18
BRDA:21,1,0,56
BRDA:21,1,1,0
BRDA:29,2,0,5
BRDA:29,2,1,0
BRDA:30,3,0,4
BRDA:30,3,1,1
BRDA:37,4,0,4
BRDA:37,4,1,2
BRDA:38,5,0,3
BRDA:38,5,1,1
BRDA:42,6,0,1
BRDA:42,6,1,0
BRDA:43,7,0,1
BRDA:43,7,1,0
BRDA:47,8,0,5
BRDA:47,8,1,2
BRDA:51,9,0,5
BRDA:51,9,1,2
BRDA:56,10,0,167
BRDA:56,10,1,1
BRF:20
BRH:16
end_of_record
TN:
SF:C:\Users\short\StarforgeToken\contracts\StarforgeGovernor.sol
FN:56,constructor
FN:73,setVoteTier
FN:82,setVoteTier
FN:91,voteTier
FN:101,_getVotes
FN:130,votingDelay
FN:137,votingPeriod
FN:144,quorum
FN:151,proposalThreshold
FN:162,state
FN:173,proposalNeedsQueuing
FN:184,_queueOperations
FN:200,_executeOperations
FN:215,_cancel
FN:230,_executor
FN:241,supportsInterface
FNF:16
FNH:16
FNDA:13,constructor
FNDA:1,setVoteTier
FNDA:7,setVoteTier
FNDA:5,voteTier
FNDA:26,_getVotes
FNDA:20,votingDelay
FNDA:16,votingPeriod
FNDA:16,quorum
FNDA:14,proposalThreshold
FNDA:65,state
FNDA:2,proposalNeedsQueuing
FNDA:6,_queueOperations
FNDA:6,_executeOperations
FNDA:1,_cancel
FNDA:33,_executor
FNDA:3,supportsInterface
DA:58,13
DA:59,13
DA:61,13
DA:63,13
DA:64,13
DA:65,13
DA:74,1
DA:75,1
DA:76,1
DA:77,1
DA:78,1
DA:83,7
DA:84,7
DA:85,7
DA:86,7
DA:87,7
DA:92,5
DA:111,26
DA:114,26
DA:115,26
DA:117,26
DA:118,26
DA:120,24
DA:123,2
DA:135,20
DA:142,16
DA:149,16
DA:156,14
DA:168,65
DA:169,65
DA:170,65
DA:179,2
DA:180,2
DA:181,2
DA:195,6
DA:196,6
DA:197,6
DA:210,6
DA:211,6
DA:212,6
DA:225,1
DA:226,1
DA:227,1
DA:235,33
DA:246,3
LF:45
LH:45
BRDA:73,1,0,1
BRDA:73,1,1,0
BRDA:82,2,0,7
BRDA:82,2,1,2
BRDA:84,3,0,7
BRDA:84,3,1,0
BRDA:118,4,0,24
BRDA:118,4,1,2
BRF:8
BRH:6
end_of_record
TN:
SF:C:\Users\short\StarforgeToken\contracts\StarforgeStaking.sol
FN:57,constructor
FN:69,_currentRateBps
FN:83,_pendingSinceLast
FN:99,pendingRewards
FN:104,getRewards
FN:111,updateRewards
FN:121,stake
FN:137,unstake
FN:157,claimRewards
FN:173,setRewardsFunder
FN:181,notifyRewardReceived
FN:193,_runwayFracWith
FN:204,setBaseApyBps
FN:231,pause
FN:232,unpause
FNF:15
FNH:13
FNDA:28,constructor
FNDA:16,_currentRateBps
FNDA:32,_pendingSinceLast
FNDA:3,pendingRewards
FNDA:2,getRewards
FNDA:29,updateRewards
FNDA:18,stake
FNDA:3,unstake
FNDA:11,claimRewards
FNDA:15,setRewardsFunder
FNDA:12,notifyRewardReceived
FNDA:17,_runwayFracWith
FNDA:21,setBaseApyBps
FNDA:0,pause
FNDA:0,unpause
DA:58,28
DA:60,28
DA:61,28
DA:62,28
DA:63,28
DA:64,28
DA:70,16
DA:71,16
DA:73,16
DA:74,16
DA:78,16
DA:79,16
DA:84,32
DA:85,32
DA:86,16
DA:87,16
DA:88,16
DA:89,16
DA:90,16
DA:92,16
DA:95,16
DA:100,3
DA:105,2
DA:112,29
DA:113,29
DA:114,13
DA:116,29
DA:122,18
DA:125,16
DA:126,16
DA:129,16
DA:130,16
DA:131,16
DA:133,16
DA:134,16
DA:138,3
DA:139,2
DA:141,2
DA:143,2
DA:144,2
DA:145,2
DA:148,2
DA:149,2
DA:153,2
DA:154,2
DA:158,11
DA:159,11
DA:160,11
DA:161,11
DA:163,11
DA:164,11
DA:165,11
DA:167,11
DA:174,15
DA:175,14
DA:176,14
DA:182,12
DA:183,9
DA:185,9
DA:186,9
DA:194,17
DA:195,17
DA:197,5
DA:199,12
DA:200,12
DA:206,21
DA:209,19
DA:212,18
DA:213,18
DA:214,18
DA:217,17
DA:218,17
DA:220,12
DA:224,6
DA:225,6
DA:226,6
LF:76
LH:76
BRDA:58,1,0,28
BRDA:58,1,1,0
BRDA:71,2,0,16
BRDA:71,2,1,0
BRDA:74,3,0,9
BRDA:74,3,1,7
BRDA:78,4,0,0
BRDA:78,4,1,16
BRDA:85,5,0,16
BRDA:85,5,1,16
BRDA:87,6,0,0
BRDA:87,6,1,16
BRDA:88,7,0,16
BRDA:88,7,1,0
BRDA:113,8,0,13
BRDA:113,8,1,16
BRDA:121,9,0,18
BRDA:121,9,1,0
BRDA:121,10,0,18
BRDA:121,10,1,0
BRDA:122,11,0,16
BRDA:122,11,1,2
BRDA:125,12,0,16
BRDA:125,12,1,0
BRDA:137,13,0,3
BRDA:137,13,1,0
BRDA:137,14,0,3
BRDA:137,14,1,0
BRDA:138,15,0,2
BRDA:138,15,1,1
BRDA:139,16,0,2
BRDA:139,16,1,0
BRDA:148,17,0,2
BRDA:148,17,1,0
BRDA:157,18,0,11
BRDA:157,18,1,0
BRDA:157,19,0,11
BRDA:157,19,1,0
BRDA:160,20,0,11
BRDA:160,20,1,0
BRDA:161,21,0,11
BRDA:161,21,1,0
BRDA:173,22,0,15
BRDA:173,22,1,1
BRDA:174,23,0,14
BRDA:174,23,1,1
BRDA:181,24,0,12
BRDA:181,24,1,0
BRDA:182,25,0,9
BRDA:182,25,1,3
BRDA:183,26,0,9
BRDA:183,26,1,0
BRDA:195,27,0,5
BRDA:195,27,1,12
BRDA:195,28,0,5
BRDA:195,28,1,0
BRDA:204,29,0,21
BRDA:204,29,1,1
BRDA:206,30,0,19
BRDA:206,30,1,2
BRDA:209,31,0,18
BRDA:209,31,1,1
BRDA:213,32,0,0
BRDA:213,32,1,18
BRDA:214,33,0,17
BRDA:214,33,1,1
BRDA:218,34,0,12
BRDA:218,34,1,5
BRDA:220,35,0,1
BRDA:220,35,1,11
BRDA:231,36,0,0
BRDA:231,36,1,0
BRDA:232,37,0,0
BRDA:232,37,1,0
BRF:74
BRH:50
end_of_record
TN:
SF:C:\Users\short\StarforgeToken\contracts\test.MockRelayTarget.sol
FN:12,ping
FN:20,counter
FNF:2
FNH:2
FNDA:1,ping
FNDA:1,counter
DA:13,1
DA:14,1
DA:15,1
DA:16,1
DA:21,1
LF:5
LH:5
BRF:0
BRH:0
end_of_record
TN:
SF:C:\Users\short\StarforgeToken\contracts\test.MockVotes.sol
FN:14,constructor
FN:18,mint
FN:23,_update
FN:31,nonces
FNF:4
FNH:3
FNDA:3,constructor
FNDA:2,mint
FNDA:2,_update
FNDA:0,nonces
DA:19,2
DA:27,2
DA:37,0
LF:3
LH:2
BRDA:18,1,0,2
BRDA:18,1,1,0
BRF:2
BRH:1
end_of_record
TN:
SF:C:\Users\short\StarforgeToken\contracts\TreasuryVesting.sol
FN:54,constructor
FN:68,setAllocation
FN:94,vestedAmount
FN:110,claimVestedTokens
FN:135,clearAllocation
FN:172,initStakingRewardsVault
FN:199,fundStaking
FN:213,stakingVaultInfo
FN:224,recoverERC20
FN:236,recoverExcessSFT
FNF:10
FNH:10
FNDA:19,constructor
FNDA:18,setAllocation
FNDA:13,vestedAmount
FNDA:11,claimVestedTokens
FNDA:1,clearAllocation
FNDA:11,initStakingRewardsVault
FNDA:3,fundStaking
FNDA:9,stakingVaultInfo
FNDA:2,recoverERC20
FNDA:7,recoverExcessSFT
DA:55,19
DA:56,19
DA:57,19
DA:58,19
DA:70,18
DA:71,15
DA:72,15
DA:73,13
DA:74,11
DA:77,10
DA:84,10
DA:87,10
DA:89,10
DA:95,13
DA:96,13
DA:97,13
DA:98,12
DA:99,12
DA:100,11
DA:101,11
DA:102,6
DA:103,6
DA:106,2
DA:111,11
DA:112,11
DA:114,10
DA:115,10
DA:116,10
DA:119,7
DA:120,7
DA:123,7
DA:125,7
DA:137,1
DA:138,1
DA:140,1
DA:141,1
DA:143,1
DA:144,1
DA:145,1
DA:146,1
DA:147,1
DA:148,1
DA:150,0
DA:174,11
DA:175,9
DA:176,9
DA:177,9
DA:179,8
DA:180,8
DA:183,8
DA:185,8
DA:186,8
DA:187,8
DA:189,8
DA:201,3
DA:202,3
DA:203,2
DA:204,2
DA:206,1
DA:207,1
DA:209,1
DA:214,9
DA:226,2
DA:227,1
DA:228,1
DA:238,7
DA:239,7
DA:240,6
DA:241,6
DA:242,3
LF:70
LH:69
BRDA:55,1,0,19
BRDA:55,1,1,0
BRDA:68,2,0,18
BRDA:68,2,1,1
BRDA:70,3,0,15
BRDA:70,3,1,3
BRDA:71,4,0,15
BRDA:71,4,1,0
BRDA:72,5,0,13
BRDA:72,5,1,2
BRDA:73,6,0,11
BRDA:73,6,1,2
BRDA:74,7,0,10
BRDA:74,7,1,1
BRDA:97,8,0,12
BRDA:97,8,1,1
BRDA:99,9,0,11
BRDA:99,9,1,1
BRDA:101,10,0,5
BRDA:101,10,1,6
BRDA:110,11,0,11
BRDA:110,11,1,0
BRDA:112,12,0,10
BRDA:112,12,1,1
BRDA:115,13,0,7
BRDA:115,13,1,3
BRDA:116,14,0,7
BRDA:116,14,1,3
BRDA:134,15,0,1
BRDA:134,15,1,0
BRDA:135,16,0,1
BRDA:135,16,1,0
BRDA:138,17,0,1
BRDA:138,17,1,0
BRDA:143,18,0,1
BRDA:143,18,1,0
BRDA:145,19,0,0
BRDA:145,19,1,1
BRDA:146,20,0,1
BRDA:146,20,1,0
BRDA:171,21,0,11
BRDA:171,21,1,2
BRDA:172,22,0,11
BRDA:172,22,1,0
BRDA:174,23,0,9
BRDA:174,23,1,2
BRDA:175,24,0,9
BRDA:175,24,1,0
BRDA:176,25,0,9
BRDA:176,25,1,0
BRDA:177,26,0,8
BRDA:177,26,1,1
BRDA:180,27,0,8
BRDA:180,27,1,0
BRDA:198,28,0,3
BRDA:198,28,1,2
BRDA:199,29,0,3
BRDA:199,29,1,0
BRDA:201,30,0,3
BRDA:201,30,1,0
BRDA:202,31,0,2
BRDA:202,31,1,1
BRDA:203,32,0,2
BRDA:203,32,1,0
BRDA:204,33,0,1
BRDA:204,33,1,1
BRDA:223,34,0,2
BRDA:223,34,1,0
BRDA:224,35,0,2
BRDA:224,35,1,0
BRDA:226,36,0,1
BRDA:226,36,1,1
BRDA:227,37,0,1
BRDA:227,37,1,0
BRDA:235,38,0,7
BRDA:235,38,1,1
BRDA:236,39,0,7
BRDA:236,39,1,0
BRDA:238,40,0,7
BRDA:238,40,1,0
BRDA:241,41,0,3
BRDA:241,41,1,3
BRF:82
BRH:61
end_of_record
